<?xml version="1.0" encoding="UTF-8"?>
<!-- Generated by org.testng.reporters.JUnitReportReporter -->
<testsuite hostname="DESKTOP-CMMN98B" failures="0" tests="1" name="Generic.PropertiesUtility" time="0.017" errors="0" timestamp="2024-04-20T16:49:55 IST" skipped="0">
  <testcase classname="Generic.PropertiesUtility" name="PropertiesInitiate" time="0.017"/>
</testsuite> <!-- Generic.PropertiesUtility -->
