<?xml version="1.0" encoding="UTF-8"?>
<!-- Generated by org.testng.reporters.JUnitReportReporter -->
<testsuite hostname="DESKTOP-CMMN98B" failures="0" tests="1" name="TestScript.FirstScript" time="1.476" errors="0" timestamp="2024-04-21T01:01:12 IST" skipped="0">
  <testcase classname="TestScript.FirstScript" name="test" time="1.476"/>
</testsuite> <!-- TestScript.FirstScript -->
