<?xml version="1.0" encoding="UTF-8"?>
<!-- Generated by org.testng.reporters.JUnitReportReporter -->
<testsuite hostname="DESKTOP-CMMN98B" failures="0" tests="1" name="Generic.BaseClass" time="1.167" errors="0" timestamp="2024-04-21T00:21:48 IST" skipped="0">
  <testcase classname="Generic.BaseClass" name="test" time="1.167"/>
</testsuite> <!-- Generic.BaseClass -->
